app/build/intermediates/manifest_merge_blame_file/debug/manifest-merger-blame-debug-report.txt
1<?xml version="1.0" encoding="utf-8"?>
2<manifest xmlns:android="http://schemas.android.com/apk/res/android"
3    package="com.orgn.foodnfine"
4    android:versionCode="1"
5    android:versionName="1.0" >
6
7    <uses-sdk
8        android:minSdkVersion="21"
8-->src/main/AndroidManifest.xml
9        android:targetSdkVersion="30" />
9-->src/main/AndroidManifest.xml
10
11    <uses-permission android:name="android.permission.CALL_PHONE" />
11-->src/main/AndroidManifest.xml:6:5-69
11-->src/main/AndroidManifest.xml:6:22-66
12    <uses-permission android:name="android.permission.READ_PHONE_STATE" />
12-->src/main/AndroidManifest.xml:7:5-75
12-->src/main/AndroidManifest.xml:7:22-72
13    <uses-permission android:name="android.permission.INTERNET" />
13-->src/main/AndroidManifest.xml:8:5-67
13-->src/main/AndroidManifest.xml:8:22-64
14    <uses-permission android:name="android.permission.ACCESS_COARSE_LOCATION" />
14-->src/main/AndroidManifest.xml:9:5-81
14-->src/main/AndroidManifest.xml:9:22-78
15    <uses-permission android:name="android.permission.ACCESS_FINE_LOCATION" />
15-->src/main/AndroidManifest.xml:10:5-79
15-->src/main/AndroidManifest.xml:10:22-76
16    <uses-permission android:name="android.permission.READ_EXTERNAL_STORAGE" />
16-->src/main/AndroidManifest.xml:11:5-80
16-->src/main/AndroidManifest.xml:11:22-77
17    <uses-permission android:name="android.permission.WRITE_EXTERNAL_STORAGE" />
17-->src/main/AndroidManifest.xml:12:5-81
17-->src/main/AndroidManifest.xml:12:22-78
18    <uses-permission android:name="android.permission.ACCESS_NETWORK_STATE" />
18-->src/main/AndroidManifest.xml:13:5-79
18-->src/main/AndroidManifest.xml:13:22-76
19    <uses-permission android:name="android.permission.CAMERA" />
19-->src/main/AndroidManifest.xml:14:5-64
19-->src/main/AndroidManifest.xml:14:22-62
20    <uses-permission android:name="android.permission.ACCESS_WIFI_STATE" /> <!-- Require below permissions for reading sms and otp assist feature -->
20-->[com.payumoney.core:payumoney-sdk:7.6.0] AndroidManifest.xml:13:5-76
20-->[com.payumoney.core:payumoney-sdk:7.6.0] AndroidManifest.xml:13:22-73
21    <!--
22    <uses-permission android:name="android.permission.READ_SMS" />
23    <uses-permission android:name="android.permission.READ_PHONE_STATE" />
24    -->
25    <uses-feature
25-->[com.payumoney.core:payumoney-sdk:7.6.0] AndroidManifest.xml:24:5-26:36
26        android:name="android.hardware.telephony"
26-->[com.payumoney.core:payumoney-sdk:7.6.0] AndroidManifest.xml:25:9-50
27        android:required="false" />
27-->[com.payumoney.core:payumoney-sdk:7.6.0] AndroidManifest.xml:26:9-33
28
29    <uses-permission android:name="android.permission.WAKE_LOCK" /> <!-- Required by older versions of Google Play services to create IID tokens -->
29-->[com.google.firebase:firebase-iid:20.3.0] AndroidManifest.xml:24:5-68
29-->[com.google.firebase:firebase-iid:20.3.0] AndroidManifest.xml:24:22-65
30    <uses-permission android:name="com.google.android.c2dm.permission.RECEIVE" />
30-->[com.google.firebase:firebase-iid:20.3.0] AndroidManifest.xml:26:5-82
30-->[com.google.firebase:firebase-iid:20.3.0] AndroidManifest.xml:26:22-79
31
32    <uses-feature
32-->[com.google.android.gms:play-services-maps:16.0.0] AndroidManifest.xml:26:5-28:35
33        android:glEsVersion="0x00020000"
33-->[com.google.android.gms:play-services-maps:16.0.0] AndroidManifest.xml:27:9-41
34        android:required="true" />
34-->[com.google.android.gms:play-services-maps:16.0.0] AndroidManifest.xml:28:9-32
35
36    <uses-permission android:name="com.google.android.finsky.permission.BIND_GET_INSTALL_REFERRER_SERVICE" />
36-->[com.google.android.gms:play-services-measurement:17.6.0] AndroidManifest.xml:26:5-110
36-->[com.google.android.gms:play-services-measurement:17.6.0] AndroidManifest.xml:26:22-107
37
38    <application
38-->src/main/AndroidManifest.xml:16:5-222:19
39        android:name="snd.orgn.foodnfine.application.FoodnFine"
39-->src/main/AndroidManifest.xml:17:9-64
40        android:allowBackup="true"
40-->src/main/AndroidManifest.xml:18:9-35
41        android:appComponentFactory="androidx.core.app.CoreComponentFactory"
41-->[androidx.core:core:1.3.2] AndroidManifest.xml:24:18-86
42        android:debuggable="true"
43        android:icon="@mipmap/ic_launcher"
43-->src/main/AndroidManifest.xml:19:9-43
44        android:label="@string/app_name"
44-->src/main/AndroidManifest.xml:20:9-41
45        android:largeHeap="true"
45-->src/main/AndroidManifest.xml:21:9-33
46        android:networkSecurityConfig="@xml/network_security_config"
46-->src/main/AndroidManifest.xml:27:9-69
47        android:requestLegacyExternalStorage="true"
47-->src/main/AndroidManifest.xml:25:9-52
48        android:roundIcon="@mipmap/ic_launcher_round"
48-->src/main/AndroidManifest.xml:22:9-54
49        android:supportsRtl="true"
49-->src/main/AndroidManifest.xml:23:9-35
50        android:theme="@style/AppTheme"
50-->src/main/AndroidManifest.xml:24:9-40
51        android:usesCleartextTraffic="true"
51-->src/main/AndroidManifest.xml:26:9-44
52        android:windowSoftInputMode="adjustPan" >
52-->[com.payumoney.core:payumoney-sdk:7.6.0] AndroidManifest.xml:30:9-48
53        <activity
53-->src/main/AndroidManifest.xml:30:9-32:77
54            android:name="snd.orgn.foodnfine.activity.ConfirmOrderDetails"
54-->src/main/AndroidManifest.xml:32:13-75
55            android:screenOrientation="portrait" />
55-->src/main/AndroidManifest.xml:31:13-49
56        <activity
56-->src/main/AndroidManifest.xml:33:9-35:52
57            android:name="snd.orgn.foodnfine.activity.OffersActivity"
57-->src/main/AndroidManifest.xml:34:13-70
58            android:screenOrientation="portrait" />
58-->src/main/AndroidManifest.xml:35:13-49
59        <activity
59-->src/main/AndroidManifest.xml:36:9-38:52
60            android:name="snd.orgn.foodnfine.activity.NewSwadesiProductActivity"
60-->src/main/AndroidManifest.xml:37:13-81
61            android:screenOrientation="portrait" />
61-->src/main/AndroidManifest.xml:38:13-49
62        <activity
62-->src/main/AndroidManifest.xml:39:9-41:52
63            android:name="snd.orgn.foodnfine.activity.NewRestaurantDetailsActivity"
63-->src/main/AndroidManifest.xml:40:13-84
64            android:screenOrientation="portrait" />
64-->src/main/AndroidManifest.xml:41:13-49
65        <activity
65-->src/main/AndroidManifest.xml:42:9-44:52
66            android:name="snd.orgn.foodnfine.activity.NewGroceryDetailsActivity"
66-->src/main/AndroidManifest.xml:43:13-81
67            android:screenOrientation="portrait" />
67-->src/main/AndroidManifest.xml:44:13-49
68        <activity
68-->src/main/AndroidManifest.xml:45:9-47:52
69            android:name="snd.orgn.foodnfine.activity.ForgotPasswordActivity"
69-->src/main/AndroidManifest.xml:46:13-78
70            android:screenOrientation="portrait" />
70-->src/main/AndroidManifest.xml:47:13-49
71        <activity
71-->src/main/AndroidManifest.xml:48:9-51:52
72            android:name="snd.orgn.foodnfine.signup_mvp.SignUpActivity"
72-->src/main/AndroidManifest.xml:50:13-72
73            android:screenOrientation="portrait"
73-->src/main/AndroidManifest.xml:51:13-49
74            android:windowSoftInputMode="stateHidden" />
74-->src/main/AndroidManifest.xml:49:13-54
75        <activity
75-->src/main/AndroidManifest.xml:52:9-54:52
76            android:name="snd.orgn.foodnfine.login_mvp.LoginActivity"
76-->src/main/AndroidManifest.xml:53:13-70
77            android:screenOrientation="portrait" />
77-->src/main/AndroidManifest.xml:54:13-49
78        <activity
78-->src/main/AndroidManifest.xml:55:9-57:52
79            android:name="snd.orgn.foodnfine.activity.GetFromSavedAddressActivity"
79-->src/main/AndroidManifest.xml:56:13-83
80            android:screenOrientation="portrait" />
80-->src/main/AndroidManifest.xml:57:13-49
81        <activity
81-->src/main/AndroidManifest.xml:58:9-60:52
82            android:name="snd.orgn.foodnfine.activity.NotificationActivity"
82-->src/main/AndroidManifest.xml:59:13-76
83            android:screenOrientation="portrait" />
83-->src/main/AndroidManifest.xml:60:13-49
84        <activity
84-->src/main/AndroidManifest.xml:61:9-63:52
85            android:name="snd.orgn.foodnfine.activity.ContactActivity"
85-->src/main/AndroidManifest.xml:62:13-71
86            android:screenOrientation="portrait" />
86-->src/main/AndroidManifest.xml:63:13-49
87        <activity
87-->src/main/AndroidManifest.xml:64:9-66:52
88            android:name="snd.orgn.foodnfine.activity.AboutActivity"
88-->src/main/AndroidManifest.xml:65:13-69
89            android:screenOrientation="portrait" />
89-->src/main/AndroidManifest.xml:66:13-49
90        <activity
90-->src/main/AndroidManifest.xml:67:9-69:52
91            android:name="snd.orgn.foodnfine.activity.GPSActivity"
91-->src/main/AndroidManifest.xml:68:13-67
92            android:screenOrientation="portrait" />
92-->src/main/AndroidManifest.xml:69:13-49
93        <activity
93-->src/main/AndroidManifest.xml:70:9-72:52
94            android:name="snd.orgn.foodnfine.activity.SwadesiDetailsActivity"
94-->src/main/AndroidManifest.xml:71:13-78
95            android:screenOrientation="portrait" />
95-->src/main/AndroidManifest.xml:72:13-49
96        <activity
96-->src/main/AndroidManifest.xml:73:9-75:52
97            android:name="snd.orgn.foodnfine.activity.SwadesiProductActivity"
97-->src/main/AndroidManifest.xml:74:13-78
98            android:screenOrientation="portrait" />
98-->src/main/AndroidManifest.xml:75:13-49
99        <activity
99-->src/main/AndroidManifest.xml:76:9-78:52
100            android:name="snd.orgn.foodnfine.activity.SubscriptionActivity"
100-->src/main/AndroidManifest.xml:77:13-76
101            android:screenOrientation="portrait" />
101-->src/main/AndroidManifest.xml:78:13-49
102        <activity
102-->src/main/AndroidManifest.xml:79:9-81:52
103            android:name="snd.orgn.foodnfine.activity.GroceryDetailsActivity"
103-->src/main/AndroidManifest.xml:80:13-78
104            android:screenOrientation="portrait" />
104-->src/main/AndroidManifest.xml:81:13-49
105        <activity
105-->src/main/AndroidManifest.xml:82:9-84:52
106            android:name="snd.orgn.foodnfine.activity.GroceryListActivity"
106-->src/main/AndroidManifest.xml:83:13-75
107            android:screenOrientation="portrait" />
107-->src/main/AndroidManifest.xml:84:13-49
108        <activity
108-->src/main/AndroidManifest.xml:85:9-87:52
109            android:name="snd.orgn.foodnfine.activity.SubcriptionActivity"
109-->src/main/AndroidManifest.xml:86:13-75
110            android:screenOrientation="portrait" />
110-->src/main/AndroidManifest.xml:87:13-49
111        <activity
111-->src/main/AndroidManifest.xml:88:9-90:52
112            android:name="snd.orgn.foodnfine.activity.DailyBookingActivity"
112-->src/main/AndroidManifest.xml:89:13-76
113            android:screenOrientation="portrait" />
113-->src/main/AndroidManifest.xml:90:13-49
114        <activity
114-->src/main/AndroidManifest.xml:91:9-93:52
115            android:name="snd.orgn.foodnfine.activity.SelectServiceActivity"
115-->src/main/AndroidManifest.xml:92:13-77
116            android:screenOrientation="portrait" />
116-->src/main/AndroidManifest.xml:93:13-49
117        <activity
117-->src/main/AndroidManifest.xml:94:9-96:52
118            android:name="snd.orgn.foodnfine.activity.OnlinePaymentActivitySwadesiProdct"
118-->src/main/AndroidManifest.xml:95:13-90
119            android:screenOrientation="portrait" />
119-->src/main/AndroidManifest.xml:96:13-49
120        <activity
120-->src/main/AndroidManifest.xml:97:9-99:52
121            android:name="snd.orgn.foodnfine.activity.SelectPaymentActivity"
121-->src/main/AndroidManifest.xml:98:13-77
122            android:screenOrientation="portrait" />
122-->src/main/AndroidManifest.xml:99:13-49
123        <activity
123-->src/main/AndroidManifest.xml:101:9-103:52
124            android:name="snd.orgn.foodnfine.activity.RestrurentDetailsActivity"
124-->src/main/AndroidManifest.xml:102:13-81
125            android:screenOrientation="portrait" />
125-->src/main/AndroidManifest.xml:103:13-49
126        <activity
126-->src/main/AndroidManifest.xml:104:9-106:52
127            android:name="snd.orgn.foodnfine.activity.WalletActivity"
127-->src/main/AndroidManifest.xml:105:13-70
128            android:screenOrientation="portrait" /> <!-- <provider -->
128-->src/main/AndroidManifest.xml:106:13-49
129        <activity
129-->src/main/AndroidManifest.xml:107:9-109:52
130            android:name="snd.orgn.foodnfine.activity.OrderDetailsActivity"
130-->src/main/AndroidManifest.xml:108:13-76
131            android:screenOrientation="portrait" />
131-->src/main/AndroidManifest.xml:109:13-49
132        <activity
132-->src/main/AndroidManifest.xml:110:9-112:52
133            android:name="snd.orgn.foodnfine.activity.MyOrdersActivity"
133-->src/main/AndroidManifest.xml:111:13-72
134            android:screenOrientation="portrait" />
134-->src/main/AndroidManifest.xml:112:13-49
135        <activity
135-->src/main/AndroidManifest.xml:113:9-116:72
136            android:name="snd.orgn.foodnfine.activity.ConfirmOrderActivity"
136-->src/main/AndroidManifest.xml:114:13-76
137            android:screenOrientation="portrait"
137-->src/main/AndroidManifest.xml:115:13-49
138            android:theme="@style/Theme.AppCompat.Light.NoActionBar" />
138-->src/main/AndroidManifest.xml:116:13-69
139        <activity
139-->src/main/AndroidManifest.xml:117:9-120:72
140            android:name="snd.orgn.foodnfine.activity.RestrurentListActivity"
140-->src/main/AndroidManifest.xml:118:13-78
141            android:screenOrientation="portrait"
141-->src/main/AndroidManifest.xml:119:13-49
142            android:theme="@style/Theme.AppCompat.Light.NoActionBar" />
142-->src/main/AndroidManifest.xml:120:13-69
143        <activity
143-->src/main/AndroidManifest.xml:121:9-124:72
144            android:name="snd.orgn.foodnfine.activity.OtherStoreActivity"
144-->src/main/AndroidManifest.xml:122:13-74
145            android:screenOrientation="portrait"
145-->src/main/AndroidManifest.xml:123:13-49
146            android:theme="@style/Theme.AppCompat.Light.NoActionBar" />
146-->src/main/AndroidManifest.xml:124:13-69
147        <activity
147-->src/main/AndroidManifest.xml:125:9-129:57
148            android:name="snd.orgn.foodnfine.activity.SendPackageActivity"
148-->src/main/AndroidManifest.xml:126:13-75
149            android:screenOrientation="portrait"
149-->src/main/AndroidManifest.xml:127:13-49
150            android:theme="@style/Theme.AppCompat.Light.NoActionBar"
150-->src/main/AndroidManifest.xml:128:13-69
151            android:windowSoftInputMode="stateHidden" />
151-->src/main/AndroidManifest.xml:129:13-54
152        <activity
152-->src/main/AndroidManifest.xml:130:9-133:72
153            android:name="snd.orgn.foodnfine.activity.ServiceActivity"
153-->src/main/AndroidManifest.xml:131:13-71
154            android:screenOrientation="portrait"
154-->src/main/AndroidManifest.xml:132:13-49
155            android:theme="@style/Theme.AppCompat.Light.NoActionBar" />
155-->src/main/AndroidManifest.xml:133:13-69
156        <activity
156-->src/main/AndroidManifest.xml:134:9-137:72
157            android:name="snd.orgn.foodnfine.activity.LocationOnActivity"
157-->src/main/AndroidManifest.xml:135:13-74
158            android:screenOrientation="portrait"
158-->src/main/AndroidManifest.xml:136:13-49
159            android:theme="@style/Theme.AppCompat.Light.NoActionBar" />
159-->src/main/AndroidManifest.xml:137:13-69
160        <activity
160-->src/main/AndroidManifest.xml:138:9-141:72
161            android:name="snd.orgn.foodnfine.activity.AddAddressActivity"
161-->src/main/AndroidManifest.xml:139:13-74
162            android:screenOrientation="portrait"
162-->src/main/AndroidManifest.xml:140:13-49
163            android:theme="@style/Theme.AppCompat.Light.NoActionBar" />
163-->src/main/AndroidManifest.xml:141:13-69
164        <activity
164-->src/main/AndroidManifest.xml:142:9-145:72
165            android:name="snd.orgn.foodnfine.activity.SelectLocationMapActivity"
165-->src/main/AndroidManifest.xml:143:13-81
166            android:screenOrientation="portrait"
166-->src/main/AndroidManifest.xml:144:13-49
167            android:theme="@style/Theme.AppCompat.Light.NoActionBar" />
167-->src/main/AndroidManifest.xml:145:13-69
168        <activity
168-->src/main/AndroidManifest.xml:146:9-149:72
169            android:name="snd.orgn.foodnfine.activity.SelectLocationActivity"
169-->src/main/AndroidManifest.xml:147:13-78
170            android:screenOrientation="portrait"
170-->src/main/AndroidManifest.xml:148:13-49
171            android:theme="@style/Theme.AppCompat.Light.NoActionBar" />
171-->src/main/AndroidManifest.xml:149:13-69
172        <activity
172-->src/main/AndroidManifest.xml:150:9-153:57
173            android:name="snd.orgn.foodnfine.activity.SearchActivity"
173-->src/main/AndroidManifest.xml:151:13-70
174            android:screenOrientation="portrait"
174-->src/main/AndroidManifest.xml:152:13-49
175            android:windowSoftInputMode="stateHidden" />
175-->src/main/AndroidManifest.xml:153:13-54
176        <activity
176-->src/main/AndroidManifest.xml:154:9-156:52
177            android:name="snd.orgn.foodnfine.activity.SavedAddressActivity"
177-->src/main/AndroidManifest.xml:155:13-76
178            android:screenOrientation="portrait" />
178-->src/main/AndroidManifest.xml:156:13-49
179        <activity
179-->src/main/AndroidManifest.xml:157:9-159:52
180            android:name="snd.orgn.foodnfine.activity.AccountDetailsActivity"
180-->src/main/AndroidManifest.xml:158:13-78
181            android:screenOrientation="portrait" />
181-->src/main/AndroidManifest.xml:159:13-49
182        <activity
182-->src/main/AndroidManifest.xml:160:9-162:52
183            android:name="snd.orgn.foodnfine.activity.UpdateProfileActivity"
183-->src/main/AndroidManifest.xml:161:13-77
184            android:screenOrientation="portrait" />
184-->src/main/AndroidManifest.xml:162:13-49
185        <activity
185-->src/main/AndroidManifest.xml:163:9-166:52
186            android:name="snd.orgn.foodnfine.activity.DasboardActivity"
186-->src/main/AndroidManifest.xml:164:13-72
187            android:label="@string/title_activity_dasboard"
187-->src/main/AndroidManifest.xml:165:13-60
188            android:screenOrientation="portrait" />
188-->src/main/AndroidManifest.xml:166:13-49
189        <activity
189-->src/main/AndroidManifest.xml:167:9-169:52
190            android:name="snd.orgn.foodnfine.activity.LoginMobileNoActivity"
190-->src/main/AndroidManifest.xml:168:13-77
191            android:screenOrientation="portrait" />
191-->src/main/AndroidManifest.xml:169:13-49
192        <activity
192-->src/main/AndroidManifest.xml:170:9-172:52
193            android:name="snd.orgn.foodnfine.activity.OtpCheckActivity"
193-->src/main/AndroidManifest.xml:171:13-72
194            android:screenOrientation="portrait" />
194-->src/main/AndroidManifest.xml:172:13-49
195        <activity
195-->src/main/AndroidManifest.xml:173:9-183:20
196            android:name="snd.orgn.foodnfine.activity.Splash_ScreenActivity"
196-->src/main/AndroidManifest.xml:174:13-77
197            android:screenOrientation="portrait"
197-->src/main/AndroidManifest.xml:175:13-49
198            android:theme="@style/Theme.AppCompat.Light.NoActionBar" >
198-->src/main/AndroidManifest.xml:176:13-69
199            <intent-filter>
199-->src/main/AndroidManifest.xml:177:13-182:29
200                <action android:name="android.intent.action.MAIN" />
200-->src/main/AndroidManifest.xml:178:17-69
200-->src/main/AndroidManifest.xml:178:25-66
201                <action android:name="android.intent.action.VIEW" />
201-->src/main/AndroidManifest.xml:179:17-69
201-->src/main/AndroidManifest.xml:179:25-66
202
203                <category android:name="android.intent.category.LAUNCHER" />
203-->src/main/AndroidManifest.xml:180:17-77
203-->src/main/AndroidManifest.xml:180:27-74
204                <category android:name="android.intent.category.DEFAULT" />
204-->src/main/AndroidManifest.xml:181:17-76
204-->src/main/AndroidManifest.xml:181:27-73
205            </intent-filter>
206        </activity>
207        <activity
207-->src/main/AndroidManifest.xml:184:9-186:52
208            android:name="snd.orgn.foodnfine.activity.PaymentSwadesiProduct"
208-->src/main/AndroidManifest.xml:185:13-77
209            android:screenOrientation="portrait" />
209-->src/main/AndroidManifest.xml:186:13-49
210        <activity
210-->src/main/AndroidManifest.xml:187:9-189:52
211            android:name="snd.orgn.foodnfine.activity.OnlinePaymentActivity"
211-->src/main/AndroidManifest.xml:188:13-77
212            android:screenOrientation="portrait" />
212-->src/main/AndroidManifest.xml:189:13-49
213        <activity
213-->src/main/AndroidManifest.xml:190:9-192:52
214            android:name="snd.orgn.foodnfine.firebase.NotificationClass"
214-->src/main/AndroidManifest.xml:191:13-73
215            android:screenOrientation="portrait" />
215-->src/main/AndroidManifest.xml:192:13-49
216
217        <meta-data
217-->src/main/AndroidManifest.xml:193:9-195:55
218            android:name="com.google.android.geo.API_KEY"
218-->src/main/AndroidManifest.xml:194:13-58
219            android:value="@string/google_maps_key" /> <!-- Firebase Notifications -->
219-->src/main/AndroidManifest.xml:195:13-52
220        <meta-data
220-->src/main/AndroidManifest.xml:196:9-198:69
221            android:name="com.google.android.gms.version"
221-->src/main/AndroidManifest.xml:197:13-58
222            android:value="@integer/google_play_services_version" />
222-->src/main/AndroidManifest.xml:198:13-66
223        <meta-data
223-->src/main/AndroidManifest.xml:200:9-202:71
224            android:name="com.google.firebase.messaging.default_notification_channel_id"
224-->src/main/AndroidManifest.xml:201:13-89
225            android:value="@string/default_notification_channel_id" /> <!-- ./Firebase Notifications -->
225-->src/main/AndroidManifest.xml:202:13-68
226        <meta-data
226-->src/main/AndroidManifest.xml:203:9-205:53
227            android:name="com.google.firebase.messaging.default_notification_icon"
227-->src/main/AndroidManifest.xml:204:13-83
228            android:resource="@drawable/new_logo" />
228-->src/main/AndroidManifest.xml:205:13-50
229
230        <service android:name="snd.orgn.foodnfine.firebase.MyFirebaseMessagingService" >
230-->src/main/AndroidManifest.xml:207:9-211:19
230-->src/main/AndroidManifest.xml:207:18-87
231            <intent-filter>
231-->src/main/AndroidManifest.xml:208:13-210:29
232                <action android:name="com.google.firebase.MESSAGING_EVENT" />
232-->src/main/AndroidManifest.xml:209:17-78
232-->src/main/AndroidManifest.xml:209:25-75
233            </intent-filter>
234        </service>
235        <service
235-->src/main/AndroidManifest.xml:213:9-217:19
236            android:name="com.google.firebase.components.ComponentDiscoveryService"
236-->src/main/AndroidManifest.xml:213:18-89
237            android:directBootAware="true"
237-->[com.google.firebase:firebase-common:19.3.0] AndroidManifest.xml:34:13-43
238            android:exported="false" >
238-->[com.google.firebase:firebase-analytics-ktx:17.6.0] AndroidManifest.xml:10:13-37
239            <meta-data
239-->src/main/AndroidManifest.xml:214:13-216:85
240                android:name="com.google.firebase.components:com.google.firebase.iid.Registrar"
240-->src/main/AndroidManifest.xml:215:17-96
241                android:value="com.google.firebase.components.ComponentRegistrar" />
241-->src/main/AndroidManifest.xml:216:17-82
242            <meta-data
242-->[com.google.firebase:firebase-analytics-ktx:17.6.0] AndroidManifest.xml:11:13-13:85
243                android:name="com.google.firebase.components:com.google.firebase.analytics.ktx.FirebaseAnalyticsKtxRegistrar"
243-->[com.google.firebase:firebase-analytics-ktx:17.6.0] AndroidManifest.xml:12:17-126
244                android:value="com.google.firebase.components.ComponentRegistrar" />
244-->[com.google.firebase:firebase-analytics-ktx:17.6.0] AndroidManifest.xml:13:17-82
245            <meta-data
245-->[com.google.firebase:firebase-messaging:20.3.0] AndroidManifest.xml:39:13-41:85
246                android:name="com.google.firebase.components:com.google.firebase.messaging.FirebaseMessagingRegistrar"
246-->[com.google.firebase:firebase-messaging:20.3.0] AndroidManifest.xml:40:17-119
247                android:value="com.google.firebase.components.ComponentRegistrar" />
247-->[com.google.firebase:firebase-messaging:20.3.0] AndroidManifest.xml:41:17-82
248            <meta-data
248-->[com.google.firebase:firebase-common-ktx:19.3.0] AndroidManifest.xml:15:13-17:85
249                android:name="com.google.firebase.components:com.google.firebase.ktx.FirebaseCommonKtxRegistrar"
249-->[com.google.firebase:firebase-common-ktx:19.3.0] AndroidManifest.xml:16:17-113
250                android:value="com.google.firebase.components.ComponentRegistrar" />
250-->[com.google.firebase:firebase-common-ktx:19.3.0] AndroidManifest.xml:17:17-82
251            <meta-data
251-->[com.google.firebase:firebase-datatransport:17.0.3] AndroidManifest.xml:28:13-30:85
252                android:name="com.google.firebase.components:com.google.firebase.datatransport.TransportRegistrar"
252-->[com.google.firebase:firebase-datatransport:17.0.3] AndroidManifest.xml:29:17-115
253                android:value="com.google.firebase.components.ComponentRegistrar" />
253-->[com.google.firebase:firebase-datatransport:17.0.3] AndroidManifest.xml:30:17-82
254            <meta-data
254-->[com.google.android.gms:play-services-measurement-api:17.6.0] AndroidManifest.xml:30:13-32:85
255                android:name="com.google.firebase.components:com.google.firebase.analytics.connector.internal.AnalyticsConnectorRegistrar"
255-->[com.google.android.gms:play-services-measurement-api:17.6.0] AndroidManifest.xml:31:17-139
256                android:value="com.google.firebase.components.ComponentRegistrar" />
256-->[com.google.android.gms:play-services-measurement-api:17.6.0] AndroidManifest.xml:32:17-82
257            <meta-data
257-->[com.google.firebase:firebase-installations:16.3.3] AndroidManifest.xml:17:13-19:85
258                android:name="com.google.firebase.components:com.google.firebase.installations.FirebaseInstallationsRegistrar"
258-->[com.google.firebase:firebase-installations:16.3.3] AndroidManifest.xml:18:17-127
259                android:value="com.google.firebase.components.ComponentRegistrar" />
259-->[com.google.firebase:firebase-installations:16.3.3] AndroidManifest.xml:19:17-82
260        </service>
261
262        <uses-library
262-->src/main/AndroidManifest.xml:219:9-221:40
263            android:name="org.apache.http.legacy"
263-->src/main/AndroidManifest.xml:220:13-50
264            android:required="false" />
264-->src/main/AndroidManifest.xml:221:13-37
265
266        <activity
266-->[com.payumoney.sdkui:plug-n-play:1.6.0] AndroidManifest.xml:19:9-24:55
267            android:name="com.payumoney.sdkui.ui.activities.PayUmoneyActivity"
267-->[com.payumoney.sdkui:plug-n-play:1.6.0] AndroidManifest.xml:20:13-79
268            android:label="@string/title_activity_citrus"
268-->[com.payumoney.sdkui:plug-n-play:1.6.0] AndroidManifest.xml:21:13-58
269            android:screenOrientation="portrait"
269-->[com.payumoney.sdkui:plug-n-play:1.6.0] AndroidManifest.xml:22:13-49
270            android:theme="@style/PayumoneyAppTheme"
270-->[com.payumoney.sdkui:plug-n-play:1.6.0] AndroidManifest.xml:23:13-53
271            android:windowSoftInputMode="adjustPan" />
271-->[com.payumoney.sdkui:plug-n-play:1.6.0] AndroidManifest.xml:24:13-52
272        <activity
272-->[com.payumoney.sdkui:plug-n-play:1.6.0] AndroidManifest.xml:25:9-28:56
273            android:name="com.payumoney.sdkui.ui.activities.ReviewOrderActivity"
273-->[com.payumoney.sdkui:plug-n-play:1.6.0] AndroidManifest.xml:26:13-81
274            android:screenOrientation="portrait"
274-->[com.payumoney.sdkui:plug-n-play:1.6.0] AndroidManifest.xml:27:13-49
275            android:theme="@style/PayumoneyAppTheme" />
275-->[com.payumoney.sdkui:plug-n-play:1.6.0] AndroidManifest.xml:28:13-53
276        <activity
276-->[com.karumi:dexter:5.0.0] AndroidManifest.xml:27:9-29:72
277            android:name="com.karumi.dexter.DexterActivity"
277-->[com.karumi:dexter:5.0.0] AndroidManifest.xml:28:13-60
278            android:theme="@style/Dexter.Internal.Theme.Transparent" />
278-->[com.karumi:dexter:5.0.0] AndroidManifest.xml:29:13-69
279        <activity
279-->[com.payumoney.core:payumoney-sdk:7.6.0] AndroidManifest.xml:31:9-34:72
280            android:name="com.payumoney.core.SdkWebViewActivityNew"
280-->[com.payumoney.core:payumoney-sdk:7.6.0] AndroidManifest.xml:32:13-68
281            android:screenOrientation="portrait"
281-->[com.payumoney.core:payumoney-sdk:7.6.0] AndroidManifest.xml:33:13-49
282            android:theme="@style/Theme.AppCompat.Light.NoActionBar" />
282-->[com.payumoney.core:payumoney-sdk:7.6.0] AndroidManifest.xml:34:13-69
283        <activity
283-->[com.payumoney.core:payumoney-sdk:7.6.0] AndroidManifest.xml:35:9-40:59
284            android:name="com.payu.custombrowser.CBActivity"
284-->[com.payumoney.core:payumoney-sdk:7.6.0] AndroidManifest.xml:36:13-61
285            android:screenOrientation="portrait"
285-->[com.payumoney.core:payumoney-sdk:7.6.0] AndroidManifest.xml:37:13-49
286            android:theme="@style/Theme.AppCompat"
286-->[com.payumoney.core:payumoney-sdk:7.6.0] AndroidManifest.xml:38:13-51
287            android:windowSoftInputMode="stateAlwaysHidden" /> <!-- Autocomplete -->
287-->[com.payumoney.core:payumoney-sdk:7.6.0] AndroidManifest.xml:39:13-60
288        <activity